<?xml version="1.0" encoding="UTF-8"?>
<testsuite xmlns:xsi="http://www.w3.org/2001/XMLSchema-instance" xsi:noNamespaceSchemaLocation="https://maven.apache.org/surefire/maven-surefire-plugin/xsd/surefire-test-report.xsd" name="com.ledgefarm.core.WalletServiceTest" time="5.954" tests="3" errors="2" skipped="0" failures="1">
  <properties>
[...]
</properties>
  <testcase name="GetWallet" classname="com.ledgefarm.core.WalletServiceTest" time="1.327">
    <error message="User wallet not found" type="com.ledgefarm.core.LedgefarmException">com.ledgefarm.core.LedgefarmException: User wallet not found
	at com.ledgefarm.core.WalletServiceTest.GetWallet(WalletServiceTest.java:35)
</error>
  </testcase>
  <testcase name="CreateWalletException" classname="com.ledgefarm.core.WalletServiceTest" time="4.293">
    <failure message="Expected exception: com.ledgefarm.core.LedgefarmException" type="java.lang.AssertionError">java.lang.AssertionError: Expected exception: com.ledgefarm.core.LedgefarmException
</failure>
    <system-out><![CDATA[wallet95b6d7948a44bee31dfa5f5aaccd44e17445c6ad8fceb913299c70a20e2a9b12
]]></system-out>
  </testcase>
  <testcase name="CreateWallet" classname="com.ledgefarm.core.WalletServiceTest" time="0.303">
    <error message="User wallet already exists" type="com.ledgefarm.core.LedgefarmException">com.ledgefarm.core.LedgefarmException: User wallet already exists
	at com.ledgefarm.core.WalletServiceTest.CreateWallet(WalletServiceTest.java:18)
</error>
  </testcase>
</testsuite>